2021-05-20 20:11:28,673:evaluation.py:DEBUG:Created a ViceEvaluatorV2: config_filepath=config/evaluators/vice_evaluator_config.json
2021-05-20 20:11:28,673:evaluation.py:DEBUG:	name=ViceEvaluator
2021-05-20 20:11:28,674:evaluation.py:DEBUG:	description=based on https://www.youtube.com/playlist?list=PLZ1QII7yudbc-Ky058TEaOstZHVbT-2hg
2021-05-20 20:11:28,674:evaluation.py:DEBUG:	version=1.0.1
2021-05-20 20:11:28,695:communication.py:DEBUG:Welcome to Coeus Chess Engine - Console Mode
2021-05-20 20:11:28,695:communication.py:DEBUG:Loaded engine from config/engine.json
2021-05-20 20:11:28,695:communication.py:DEBUG:Loaded searcher from config/searchers/alpha_beta_minimax_config.json
2021-05-20 20:11:28,695:communication.py:DEBUG:Loaded evaluator from config/evaluators/vice_evaluator_config.json
2021-05-20 20:11:28,697:communication.py:DEBUG:Loaded opening book from data/opening_books/bookfish.bin with 1197019 entries
2021-05-20 20:11:28,697:communication.py:DEBUG:type `help` or `h` for help at any time
2021-05-20 20:11:28,698:communication.py:DEBUG:Current board state:
2021-05-20 20:11:28,698:communication.py:DEBUG:8    r  n  b  q  k  b  n  r
7    p  p  p  p  p  p  p  p
6    .  .  .  .  .  .  .  .
5    .  .  .  .  .  .  .  .
4    .  .  .  .  .  .  .  .
3    .  .  .  .  .  .  .  .
2    P  P  P  P  P  P  P  P
1    R  N  B  Q  K  B  N  R

     a  b  c  d  e  f  g  h  
2021-05-20 20:11:28,699:communication.py:DEBUG:FEN: rnbqkbnr/pppppppp/8/8/8/8/PPPPPPPP/RNBQKBNR w KQkq - 0 1
2021-05-20 20:11:36,770:communication.py:DEBUG:Console(received):time 30
2021-05-20 20:11:36,771:communication.py:DEBUG:time set to 30s
2021-05-20 20:11:40,030:communication.py:DEBUG:Console(received):ponder
2021-05-20 20:11:40,030:communication.py:DEBUG:ponder enabled (post set to noponderpost)
2021-05-20 20:11:46,464:communication.py:DEBUG:Console(received):d2d4
2021-05-20 20:11:46,465:communication.py:DEBUG:Received move d2d4
2021-05-20 20:11:46,465:communication.py:DEBUG:Engine thinking using specified parameters...
2021-05-20 20:11:46,466:engine.py:DEBUG:Searching from board:

2021-05-20 20:11:46,468:engine.py:DEBUG:
8    r  n  b  q  k  b  n  r
7    p  p  p  p  p  p  p  p
6    .  .  .  .  .  .  .  .
5    .  .  .  .  .  .  .  .
4    .  .  .  P  .  .  .  .
3    .  .  .  .  .  .  .  .
2    P  P  P  .  P  P  P  P
1    R  N  B  Q  K  B  N  R

     a  b  c  d  e  f  g  h  
2021-05-20 20:11:46,469:engine.py:DEBUG:FEN: rnbqkbnr/pppppppp/8/8/3P4/8/PPP1PPPP/RNBQKBNR b KQkq - 0 1
2021-05-20 20:11:46,470:engine.py:DEBUG:mode=_TimeMode.FIXED_TIME
2021-05-20 20:11:46,471:communication.py:DEBUG:UCI(sent):info string 0 transposition table entries
2021-05-20 20:11:46,483:communication.py:DEBUG:[92mCoeus moved g8f6[0m
2021-05-20 20:11:46,484:engine.py:DEBUG:Searching from board:

2021-05-20 20:11:46,484:communication.py:DEBUG:Current board state:
2021-05-20 20:11:46,484:communication.py:DEBUG:8    r  n  b  q  k  b  .  r
7    p  p  p  p  p  p  p  p
6    .  .  .  .  .  n  .  .
5    .  .  .  .  .  .  .  .
4    .  .  .  P  .  .  .  .
3    .  .  .  .  .  .  .  .
2    P  P  P  .  P  P  P  P
1    R  N  B  Q  K  B  N  R

     a  b  c  d  e  f  g  h  
2021-05-20 20:11:46,485:engine.py:DEBUG:
8    r  n  b  q  k  b  .  r
7    p  p  p  p  p  p  p  p
6    .  .  .  .  .  n  .  .
5    .  .  .  .  .  .  .  .
4    .  .  .  P  .  .  .  .
3    .  .  .  .  .  .  .  .
2    P  P  P  .  P  P  P  P
1    R  N  B  Q  K  B  N  R

     a  b  c  d  e  f  g  h  
2021-05-20 20:11:46,486:engine.py:DEBUG:FEN: rnbqkb1r/pppppppp/5n2/8/3P4/8/PPP1PPPP/RNBQKBNR w KQkq - 1 2
2021-05-20 20:11:46,486:engine.py:DEBUG:mode=None
2021-05-20 20:11:46,487:communication.py:DEBUG:FEN: rnbqkb1r/pppppppp/5n2/8/3P4/8/PPP1PPPP/RNBQKBNR w KQkq - 1 2
